{"/Users/jcapasix/Developer/reto-clima-native/src/components/GradientText.tsx": {"path":"/Users/jcapasix/Developer/reto-clima-native/src/components/GradientText.tsx","statementMap":{"0":{"start":{"line":11,"column":57},"end":{"line":38,"column":1}},"1":{"start":{"line":12,"column":19},"end":{"line":12,"column":64}},"2":{"start":{"line":13,"column":21},"end":{"line":13,"column":48}},"3":{"start":{"line":15,"column":2},"end":{"line":37,"column":4}}},"fnMap":{"0":{"name":"(anonymous_0)","decl":{"start":{"line":11,"column":57},"end":{"line":11,"column":58}},"loc":{"start":{"line":11,"column":78},"end":{"line":38,"column":1}},"line":11}},"branchMap":{"0":{"loc":{"start":{"line":12,"column":19},"end":{"line":12,"column":64}},"type":"cond-expr","locations":[{"start":{"line":12,"column":37},"end":{"line":12,"column":59}},{"start":{"line":12,"column":62},"end":{"line":12,"column":64}}],"line":12},"1":{"loc":{"start":{"line":13,"column":21},"end":{"line":13,"column":48}},"type":"binary-expr","locations":[{"start":{"line":13,"column":21},"end":{"line":13,"column":38}},{"start":{"line":13,"column":42},"end":{"line":13,"column":48}}],"line":13}},"s":{"0":1,"1":3,"2":3,"3":3},"f":{"0":3},"b":{"0":[1,2],"1":[3,3]},"_coverageSchema":"1a1c01bbd47fc00a2c39e90264f33305004495a9","hash":"0f7ec17487927256beea27b982abe11821449d60"}
,"/Users/jcapasix/Developer/reto-clima-native/src/components/WeatherApp.tsx": {"path":"/Users/jcapasix/Developer/reto-clima-native/src/components/WeatherApp.tsx","statementMap":{"0":{"start":{"line":15,"column":36},"end":{"line":132,"column":1}},"1":{"start":{"line":16,"column":26},"end":{"line":16,"column":38}},"2":{"start":{"line":17,"column":40},"end":{"line":17,"column":74}},"3":{"start":{"line":18,"column":32},"end":{"line":18,"column":47}},"4":{"start":{"line":19,"column":28},"end":{"line":19,"column":57}},"5":{"start":{"line":21,"column":23},"end":{"line":43,"column":3}},"6":{"start":{"line":22,"column":4},"end":{"line":26,"column":5}},"7":{"start":{"line":23,"column":6},"end":{"line":23,"column":60}},"8":{"start":{"line":24,"column":6},"end":{"line":24,"column":27}},"9":{"start":{"line":25,"column":6},"end":{"line":25,"column":13}},"10":{"start":{"line":28,"column":4},"end":{"line":28,"column":21}},"11":{"start":{"line":29,"column":4},"end":{"line":29,"column":19}},"12":{"start":{"line":30,"column":4},"end":{"line":30,"column":25}},"13":{"start":{"line":32,"column":4},"end":{"line":42,"column":5}},"14":{"start":{"line":33,"column":19},"end":{"line":33,"column":54}},"15":{"start":{"line":34,"column":6},"end":{"line":34,"column":27}},"16":{"start":{"line":35,"column":6},"end":{"line":35,"column":21}},"17":{"start":{"line":37,"column":27},"end":{"line":37,"column":83}},"18":{"start":{"line":38,"column":6},"end":{"line":38,"column":29}},"19":{"start":{"line":39,"column":6},"end":{"line":39,"column":27}},"20":{"start":{"line":41,"column":6},"end":{"line":41,"column":24}},"21":{"start":{"line":45,"column":2},"end":{"line":131,"column":4}}},"fnMap":{"0":{"name":"(anonymous_0)","decl":{"start":{"line":15,"column":36},"end":{"line":15,"column":37}},"loc":{"start":{"line":15,"column":42},"end":{"line":132,"column":1}},"line":15},"1":{"name":"(anonymous_1)","decl":{"start":{"line":21,"column":23},"end":{"line":21,"column":24}},"loc":{"start":{"line":21,"column":35},"end":{"line":43,"column":3}},"line":21}},"branchMap":{"0":{"loc":{"start":{"line":22,"column":4},"end":{"line":26,"column":5}},"type":"if","locations":[{"start":{"line":22,"column":4},"end":{"line":26,"column":5}},{"start":{},"end":{}}],"line":22},"1":{"loc":{"start":{"line":37,"column":27},"end":{"line":37,"column":83}},"type":"cond-expr","locations":[{"start":{"line":37,"column":50},"end":{"line":37,"column":61}},{"start":{"line":37,"column":64},"end":{"line":37,"column":83}}],"line":37},"2":{"loc":{"start":{"line":77,"column":37},"end":{"line":77,"column":69}},"type":"binary-expr","locations":[{"start":{"line":77,"column":37},"end":{"line":77,"column":44}},{"start":{"line":77,"column":48},"end":{"line":77,"column":69}}],"line":77},"3":{"loc":{"start":{"line":79,"column":15},"end":{"line":83,"column":15}},"type":"cond-expr","locations":[{"start":{"line":80,"column":16},"end":{"line":80,"column":50}},{"start":{"line":82,"column":16},"end":{"line":82,"column":64}}],"line":79},"4":{"loc":{"start":{"line":88,"column":9},"end":{"line":92,"column":9}},"type":"binary-expr","locations":[{"start":{"line":88,"column":9},"end":{"line":88,"column":14}},{"start":{"line":89,"column":10},"end":{"line":91,"column":17}}],"line":88},"5":{"loc":{"start":{"line":94,"column":9},"end":{"line":127,"column":9}},"type":"binary-expr","locations":[{"start":{"line":94,"column":9},"end":{"line":94,"column":20}},{"start":{"line":95,"column":10},"end":{"line":126,"column":27}}],"line":94}},"s":{"0":1,"1":41,"2":40,"3":40,"4":40,"5":40,"6":7,"7":1,"8":1,"9":1,"10":6,"11":6,"12":6,"13":6,"14":6,"15":4,"16":4,"17":2,"18":2,"19":2,"20":6,"21":40},"f":{"0":41,"1":7},"b":{"0":[1,6],"1":[1,1],"2":[40,18],"3":[18,22],"4":[40,7],"5":[40,12]},"_coverageSchema":"1a1c01bbd47fc00a2c39e90264f33305004495a9","hash":"80a3892e803adfa011c45b77c114640309f3272e"}
,"/Users/jcapasix/Developer/reto-clima-native/src/services/weatherService.ts": {"path":"/Users/jcapasix/Developer/reto-clima-native/src/services/weatherService.ts","statementMap":{"0":{"start":{"line":12,"column":16},"end":{"line":12,"column":50}},"1":{"start":{"line":13,"column":17},"end":{"line":13,"column":66}},"2":{"start":{"line":15,"column":32},"end":{"line":49,"column":1}},"3":{"start":{"line":16,"column":2},"end":{"line":18,"column":3}},"4":{"start":{"line":17,"column":4},"end":{"line":17,"column":65}},"5":{"start":{"line":20,"column":2},"end":{"line":48,"column":3}},"6":{"start":{"line":21,"column":21},"end":{"line":23,"column":5}},"7":{"start":{"line":25,"column":4},"end":{"line":33,"column":5}},"8":{"start":{"line":26,"column":6},"end":{"line":28,"column":7}},"9":{"start":{"line":27,"column":8},"end":{"line":27,"column":100}},"10":{"start":{"line":29,"column":6},"end":{"line":31,"column":7}},"11":{"start":{"line":30,"column":8},"end":{"line":30,"column":83}},"12":{"start":{"line":32,"column":6},"end":{"line":32,"column":93}},"13":{"start":{"line":35,"column":17},"end":{"line":35,"column":38}},"14":{"start":{"line":37,"column":4},"end":{"line":42,"column":6}},"15":{"start":{"line":44,"column":4},"end":{"line":46,"column":5}},"16":{"start":{"line":45,"column":6},"end":{"line":45,"column":18}},"17":{"start":{"line":47,"column":4},"end":{"line":47,"column":61}}},"fnMap":{"0":{"name":"(anonymous_0)","decl":{"start":{"line":15,"column":32},"end":{"line":15,"column":33}},"loc":{"start":{"line":15,"column":78},"end":{"line":49,"column":1}},"line":15}},"branchMap":{"0":{"loc":{"start":{"line":16,"column":2},"end":{"line":18,"column":3}},"type":"if","locations":[{"start":{"line":16,"column":2},"end":{"line":18,"column":3}},{"start":{},"end":{}}],"line":16},"1":{"loc":{"start":{"line":16,"column":6},"end":{"line":16,"column":33}},"type":"binary-expr","locations":[{"start":{"line":16,"column":6},"end":{"line":16,"column":11}},{"start":{"line":16,"column":15},"end":{"line":16,"column":33}}],"line":16},"2":{"loc":{"start":{"line":25,"column":4},"end":{"line":33,"column":5}},"type":"if","locations":[{"start":{"line":25,"column":4},"end":{"line":33,"column":5}},{"start":{},"end":{}}],"line":25},"3":{"loc":{"start":{"line":26,"column":6},"end":{"line":28,"column":7}},"type":"if","locations":[{"start":{"line":26,"column":6},"end":{"line":28,"column":7}},{"start":{},"end":{}}],"line":26},"4":{"loc":{"start":{"line":29,"column":6},"end":{"line":31,"column":7}},"type":"if","locations":[{"start":{"line":29,"column":6},"end":{"line":31,"column":7}},{"start":{},"end":{}}],"line":29},"5":{"loc":{"start":{"line":44,"column":4},"end":{"line":46,"column":5}},"type":"if","locations":[{"start":{"line":44,"column":4},"end":{"line":46,"column":5}},{"start":{},"end":{}}],"line":44}},"s":{"0":2,"1":2,"2":2,"3":8,"4":2,"5":6,"6":6,"7":4,"8":3,"9":1,"10":2,"11":1,"12":1,"13":1,"14":1,"15":5,"16":4,"17":1},"f":{"0":8},"b":{"0":[2,6],"1":[8,7],"2":[3,1],"3":[1,2],"4":[1,1],"5":[4,1]},"_coverageSchema":"1a1c01bbd47fc00a2c39e90264f33305004495a9","hash":"108f0fdc8ed45acd435b64e6e49eeb46517c8f8b"}
}
