TN:
SF:src/components/GradientText.tsx
FN:11,(anonymous_0)
FNF:1
FNH:1
FNDA:3,(anonymous_0)
DA:11,1
DA:12,3
DA:13,3
DA:15,3
LF:4
LH:4
BRDA:12,0,0,1
BRDA:12,0,1,2
BRDA:13,1,0,3
BRDA:13,1,1,3
BRF:4
BRH:4
end_of_record
TN:
SF:src/components/WeatherApp.tsx
FN:15,(anonymous_0)
FN:21,(anonymous_1)
FNF:2
FNH:2
FNDA:41,(anonymous_0)
FNDA:7,(anonymous_1)
DA:15,1
DA:16,41
DA:17,40
DA:18,40
DA:19,40
DA:21,40
DA:22,7
DA:23,1
DA:24,1
DA:25,1
DA:28,6
DA:29,6
DA:30,6
DA:32,6
DA:33,6
DA:34,4
DA:35,4
DA:37,2
DA:38,2
DA:39,2
DA:41,6
DA:45,40
LF:22
LH:22
BRDA:22,0,0,1
BRDA:22,0,1,6
BRDA:37,1,0,1
BRDA:37,1,1,1
BRDA:77,2,0,40
BRDA:77,2,1,18
BRDA:79,3,0,18
BRDA:79,3,1,22
BRDA:88,4,0,40
BRDA:88,4,1,7
BRDA:94,5,0,40
BRDA:94,5,1,12
BRF:12
BRH:12
end_of_record
TN:
SF:src/services/weatherService.ts
FN:15,(anonymous_0)
FNF:1
FNH:1
FNDA:8,(anonymous_0)
DA:12,2
DA:13,2
DA:15,2
DA:16,8
DA:17,2
DA:20,6
DA:21,6
DA:25,4
DA:26,3
DA:27,1
DA:29,2
DA:30,1
DA:32,1
DA:35,1
DA:37,1
DA:44,5
DA:45,4
DA:47,1
LF:18
LH:18
BRDA:16,0,0,2
BRDA:16,0,1,6
BRDA:16,1,0,8
BRDA:16,1,1,7
BRDA:25,2,0,3
BRDA:25,2,1,1
BRDA:26,3,0,1
BRDA:26,3,1,2
BRDA:29,4,0,1
BRDA:29,4,1,1
BRDA:44,5,0,4
BRDA:44,5,1,1
BRF:12
BRH:12
end_of_record
